<?xml version="1.0" encoding="UTF-8"?>
<!-- Generated by org.testng.reporters.JUnitXMLReporter -->
<testsuite ignored="0" hostname="CHN-REG-338651" failures="0" tests="20" name="Default test" time="41.334" errors="0" timestamp="2022-10-20T07:05:38 IST">
  <testcase classname="testcases.TestCases" name="validateAppTitle" time="0.077"/>
  <testcase classname="testcases.TestCases" name="carLoan" time="3.512"/>
  <testcase classname="testcases.TestCases" name="homeLoan" time="2.983"/>
  <testcase classname="testcases.TestCases" name="personalLoan" time="1.794"/>
  <testcase classname="testcases.TestCases" name="speacialCharLoanAmount" time="1.618"/>
  <testcase classname="testcases.TestCases" name="speacialCharInterest" time="1.586"/>
  <testcase classname="testcases.TestCases" name="speacialCharYear" time="2.11"/>
  <testcase classname="testcases.TestCases" name="nullLoanAmount" time="1.602"/>
  <testcase classname="testcases.TestCases" name="nullInterest" time="1.593"/>
  <testcase classname="testcases.TestCases" name="nullYears" time="2.008"/>
  <testcase classname="testcases.TestCases" name="floatLoans" time="1.567"/>
  <testcase classname="testcases.TestCases" name="floatYears" time="2.085"/>
  <testcase classname="testcases.TestCases" name="intInterst" time="2.009"/>
  <testcase classname="testcases.TestCases" name="charLoan" time="2.596"/>
  <testcase classname="testcases.TestCases" name="charInterest" time="2.391"/>
  <testcase classname="testcases.TestCases" name="charYearsMonths" time="2.926"/>
  <testcase classname="testcases.TestCases" name="charyears" time="2.003"/>
  <testcase classname="testcases.TestCases" name="exceedInterest" time="1.827"/>
  <testcase classname="testcases.TestCases" name="exceedLoan" time="1.683"/>
  <testcase classname="testcases.TestCases" name="exceedYears" time="3.287"/>
</testsuite> <!-- Default test -->
