<?xml version="1.0" encoding="UTF-8"?>
<!-- Generated by org.testng.reporters.JUnitXMLReporter -->
<testsuite hostname="DESKTOP-SDHH2IT" ignored="0" name="Test" tests="20" failures="0" timestamp="2020-11-28T01:54:15 IST" time="0.408" errors="0">
  <testcase name="validateAppTitle" time="0.091" classname="testcases.TestCases"/>
  <testcase name="carLoan" time="0.06" classname="testcases.TestCases"/>
  <testcase name="homeLoan" time="0.005" classname="testcases.TestCases"/>
  <testcase name="personalLoan" time="0.006" classname="testcases.TestCases"/>
  <testcase name="speacialCharLoanAmount" time="0.009" classname="testcases.TestCases"/>
  <testcase name="speacialCharInterest" time="0.02" classname="testcases.TestCases"/>
  <testcase name="speacialCharYear" time="0.012" classname="testcases.TestCases"/>
  <testcase name="nullLoanAmount" time="0.009" classname="testcases.TestCases"/>
  <testcase name="nullInterest" time="0.008" classname="testcases.TestCases"/>
  <testcase name="nullYears" time="0.004" classname="testcases.TestCases"/>
  <testcase name="floatLoans" time="0.004" classname="testcases.TestCases"/>
  <testcase name="floatYears" time="0.003" classname="testcases.TestCases"/>
  <testcase name="intInterst" time="0.005" classname="testcases.TestCases"/>
  <testcase name="charLoan" time="0.004" classname="testcases.TestCases"/>
  <testcase name="charInterest" time="0.004" classname="testcases.TestCases"/>
  <testcase name="charYearsMonths" time="0.002" classname="testcases.TestCases"/>
  <testcase name="charyears" time="0.006" classname="testcases.TestCases"/>
  <testcase name="exceedInterest" time="0.002" classname="testcases.TestCases"/>
  <testcase name="exceedLoan" time="0.006" classname="testcases.TestCases"/>
  <testcase name="exceedYears" time="0.006" classname="testcases.TestCases"/>
</testsuite> <!-- Test -->
